{
"C:\\Users\\mr mike\\inverted-index-api\\src\\inverted-index.js":{"path":"C:\\Users\\mr mike\\inverted-index-api\\src\\inverted-index.js","s":{"17":1,"24":1,"25":1,"27":7,"28":7,"30":35,"31":29,"32":6,"33":35,"34":37,"35":37,"36":34,"37":3,"38":32,"39":5863,"40":5350,"41":5350,"42":513,"43":178,"44":178,"45":356,"46":5342,"47":1530,"48":3812,"49":178,"50":178,"51":178,"52":178,"53":356,"54":356,"55":356,"56":178,"57":178,"58":178,"59":178,"60":356,"61":5852,"62":5852,"63":356,"64":356,"65":356,"66":178,"67":15,"68":15,"69":15,"70":15,"71":15,"72":15,"73":15,"74":178,"75":178,"76":356,"77":356,"78":178,"79":178,"80":178,"81":178,"82":178,"83":178,"84":15,"85":15,"86":16,"87":15,"88":10,"89":10,"90":10,"91":10,"92":10,"93":10,"94":10,"95":1,"96":9,"97":1,"98":8,"99":8,"100":0,"101":10,"102":15,"103":15,"104":11,"105":11,"107":10,"108":2,"109":8,"110":8,"111":8,"112":11,"113":11,"114":8,"115":8,"117":1},"f":{"7":7,"8":35,"9":5863,"10":178,"11":178,"12":178,"13":15,"14":10},"l":{"1":1,"8":1,"13":1,"15":7,"16":7,"24":35,"25":29,"27":6,"29":35,"30":37,"31":37,"32":34,"34":3,"37":32,"47":5863,"48":5350,"49":5350,"51":513,"61":178,"62":178,"63":356,"64":5342,"65":1530,"67":3812,"71":178,"82":178,"83":178,"84":178,"85":356,"86":356,"87":356,"89":178,"98":178,"99":178,"100":178,"101":356,"102":5852,"103":5852,"105":356,"106":356,"108":356,"110":178,"118":15,"119":15,"120":15,"121":15,"122":15,"123":15,"125":15,"126":178,"130":178,"131":356,"132":356,"136":178,"137":178,"139":178,"140":178,"141":178,"142":178,"144":15,"145":15,"146":16,"148":15,"156":10,"157":10,"158":10,"159":10,"160":10,"161":10,"162":10,"163":1,"165":9,"166":1,"167":8,"168":8,"170":0,"173":10,"175":15,"177":15,"178":11,"179":11,"184":10,"185":2,"188":8,"190":8,"192":8,"193":11,"194":11,"196":8,"197":8},"b":{"8":[29,6],"9":[5350,513],"10":[1530,3812],"11":[356,0],"12":[1,9],"13":[1,8],"14":[8,0],"15":[11,4],"16":[2,8]},"statementMap":{"17":{"start":{"line":1,"column":0},"end":{"line":null,"column":null}},"24":{"start":{"line":8,"column":21},"end":{"line":null,"column":null}},"25":{"start":{"line":13,"column":14},"end":{"line":null,"column":null}},"27":{"start":{"line":15,"column":9},"end":{"line":null,"column":null}},"28":{"start":{"line":16,"column":9},"end":{"line":null,"column":null}},"30":{"start":{"line":24,"column":8},"end":{"line":null,"column":null}},"31":{"start":{"line":25,"column":11},"end":{"line":null,"column":null}},"32":{"start":{"line":27,"column":11},"end":{"line":null,"column":null}},"33":{"start":{"line":29,"column":9},"end":{"line":null,"column":null}},"34":{"start":{"line":30,"column":10},"end":{"line":null,"column":null}},"35":{"start":{"line":31,"column":12},"end":{"line":null,"column":null}},"36":{"start":{"line":32,"column":13},"end":{"line":null,"column":null}},"37":{"start":{"line":34,"column":15},"end":{"line":null,"column":null}},"38":{"start":{"line":37,"column":11},"end":{"line":null,"column":null}},"39":{"start":{"line":47,"column":8},"end":{"line":null,"column":null}},"40":{"start":{"line":48,"column":10},"end":{"line":null,"column":null}},"41":{"start":{"line":49,"column":13},"end":{"line":null,"column":null}},"42":{"start":{"line":51,"column":13},"end":{"line":null,"column":null}},"43":{"start":{"line":61,"column":8},"end":{"line":null,"column":null}},"44":{"start":{"line":62,"column":9},"end":{"line":null,"column":null}},"45":{"start":{"line":63,"column":12},"end":{"line":null,"column":null}},"46":{"start":{"line":64,"column":14},"end":{"line":null,"column":null}},"47":{"start":{"line":65,"column":21},"end":{"line":null,"column":null}},"48":{"start":{"line":67,"column":21},"end":{"line":null,"column":null}},"49":{"start":{"line":71,"column":11},"end":{"line":null,"column":null}},"50":{"start":{"line":82,"column":8},"end":{"line":null,"column":null}},"51":{"start":{"line":83,"column":8},"end":{"line":null,"column":null}},"52":{"start":{"line":84,"column":9},"end":{"line":null,"column":null}},"53":{"start":{"line":85,"column":19},"end":{"line":null,"column":null}},"54":{"start":{"line":86,"column":19},"end":{"line":null,"column":null}},"55":{"start":{"line":87,"column":18},"end":{"line":null,"column":null}},"56":{"start":{"line":89,"column":11},"end":{"line":null,"column":null}},"57":{"start":{"line":98,"column":8},"end":{"line":null,"column":null}},"58":{"start":{"line":99,"column":8},"end":{"line":null,"column":null}},"59":{"start":{"line":100,"column":9},"end":{"line":null,"column":null}},"60":{"start":{"line":101,"column":11},"end":{"line":null,"column":null}},"61":{"start":{"line":102,"column":17},"end":{"line":null,"column":null}},"62":{"start":{"line":103,"column":13},"end":{"line":null,"column":null}},"63":{"start":{"line":105,"column":10},"end":{"line":null,"column":null}},"64":{"start":{"line":106,"column":20},"end":{"line":null,"column":null}},"65":{"start":{"line":108,"column":14},"end":{"line":null,"column":null}},"66":{"start":{"line":110,"column":11},"end":{"line":null,"column":null}},"67":{"start":{"line":118,"column":8},"end":{"line":null,"column":null}},"68":{"start":{"line":119,"column":8},"end":{"line":null,"column":null}},"69":{"start":{"line":120,"column":8},"end":{"line":null,"column":null}},"70":{"start":{"line":121,"column":8},"end":{"line":null,"column":null}},"71":{"start":{"line":122,"column":10},"end":{"line":null,"column":null}},"72":{"start":{"line":123,"column":8},"end":{"line":null,"column":null}},"73":{"start":{"line":125,"column":9},"end":{"line":null,"column":null}},"74":{"start":{"line":126,"column":10},"end":{"line":null,"column":null}},"75":{"start":{"line":130,"column":11},"end":{"line":null,"column":null}},"76":{"start":{"line":131,"column":19},"end":{"line":null,"column":null}},"77":{"start":{"line":132,"column":18},"end":{"line":null,"column":null}},"78":{"start":{"line":136,"column":10},"end":{"line":null,"column":null}},"79":{"start":{"line":137,"column":10},"end":{"line":null,"column":null}},"80":{"start":{"line":139,"column":17},"end":{"line":null,"column":null}},"81":{"start":{"line":140,"column":12},"end":{"line":null,"column":null}},"82":{"start":{"line":141,"column":19},"end":{"line":null,"column":null}},"83":{"start":{"line":142,"column":18},"end":{"line":null,"column":null}},"84":{"start":{"line":144,"column":8},"end":{"line":null,"column":null}},"85":{"start":{"line":145,"column":9},"end":{"line":null,"column":null}},"86":{"start":{"line":146,"column":15},"end":{"line":null,"column":null}},"87":{"start":{"line":148,"column":11},"end":{"line":null,"column":null}},"88":{"start":{"line":156,"column":10},"end":{"line":null,"column":null}},"89":{"start":{"line":157,"column":10},"end":{"line":null,"column":null}},"90":{"start":{"line":158,"column":8},"end":{"line":null,"column":null}},"91":{"start":{"line":159,"column":8},"end":{"line":null,"column":null}},"92":{"start":{"line":160,"column":8},"end":{"line":null,"column":null}},"93":{"start":{"line":161,"column":8},"end":{"line":null,"column":null}},"94":{"start":{"line":162,"column":8},"end":{"line":null,"column":null}},"95":{"start":{"line":163,"column":17},"end":{"line":null,"column":null}},"96":{"start":{"line":165,"column":9},"end":{"line":null,"column":null}},"97":{"start":{"line":166,"column":17},"end":{"line":null,"column":null}},"98":{"start":{"line":167,"column":11},"end":{"line":null,"column":null}},"99":{"start":{"line":168,"column":17},"end":{"line":null,"column":null}},"100":{"start":{"line":170,"column":13},"end":{"line":null,"column":null}},"101":{"start":{"line":173,"column":9},"end":{"line":null,"column":null}},"102":{"start":{"line":175,"column":15},"end":{"line":null,"column":null}},"103":{"start":{"line":177,"column":10},"end":{"line":null,"column":null}},"104":{"start":{"line":178,"column":15},"end":{"line":null,"column":null}},"105":{"start":{"line":179,"column":19},"end":{"line":null,"column":null}},"107":{"start":{"line":184,"column":8},"end":{"line":null,"column":null}},"108":{"start":{"line":185,"column":13},"end":{"line":null,"column":null}},"109":{"start":{"line":188,"column":11},"end":{"line":null,"column":null}},"110":{"start":{"line":190,"column":15},"end":{"line":null,"column":null}},"111":{"start":{"line":192,"column":9},"end":{"line":null,"column":null}},"112":{"start":{"line":193,"column":15},"end":{"line":null,"column":null}},"113":{"start":{"line":194,"column":11},"end":{"line":null,"column":null}},"114":{"start":{"line":196,"column":17},"end":{"line":null,"column":null}},"115":{"start":{"line":197,"column":11},"end":{"line":null,"column":null}},"117":{"start":{"line":8,"column":21},"end":{"line":null,"column":null}}},"fnMap":{"7":{"name":"invertedIndex","line":13,"loc":{"start":{"line":13,"column":14},"end":{"line":13,"column":24}}},"8":{"name":"getJson","line":23,"loc":{"start":{"line":23,"column":12},"end":{"line":23,"column":12}}},"9":{"name":"addUniqueWords","line":46,"loc":{"start":{"line":46,"column":17},"end":{"line":46,"column":28}}},"10":{"name":"createIndexObj","line":60,"loc":{"start":{"line":60,"column":17},"end":{"line":60,"column":33}}},"11":{"name":"wordsFileDoc","line":81,"loc":{"start":{"line":81,"column":15},"end":{"line":81,"column":43}}},"12":{"name":"uniqueWordsPerDoc","line":97,"loc":{"start":{"line":97,"column":20},"end":{"line":97,"column":30}}},"13":{"name":"createIndex","line":117,"loc":{"start":{"line":117,"column":16},"end":{"line":117,"column":16}}},"14":{"name":"searchIndex","line":155,"loc":{"start":{"line":155,"column":14},"end":{"line":155,"column":21}}}},"branchMap":{"8":{"line":24,"type":"if","locations":[{"start":{"line":24,"column":8},"end":{"line":24,"column":8}},{"start":{"line":24,"column":8},"end":{"line":24,"column":8}}]},"9":{"line":47,"type":"if","locations":[{"start":{"line":47,"column":8},"end":{"line":47,"column":8}},{"start":{"line":47,"column":8},"end":{"line":47,"column":8}}]},"10":{"line":64,"type":"if","locations":[{"start":{"line":64,"column":14},"end":{"line":64,"column":14}},{"start":{"line":64,"column":14},"end":{"line":64,"column":14}}]},"11":{"line":105,"type":"if","locations":[{"start":{"line":105,"column":10},"end":{"line":105,"column":10}},{"start":{"line":105,"column":10},"end":{"line":105,"column":10}}]},"12":{"line":162,"type":"if","locations":[{"start":{"line":162,"column":8},"end":{"line":162,"column":8}},{"start":{"line":162,"column":8},"end":{"line":162,"column":8}}]},"13":{"line":165,"type":"if","locations":[{"start":{"line":165,"column":9},"end":{"line":165,"column":9}},{"start":{"line":165,"column":9},"end":{"line":165,"column":9}}]},"14":{"line":167,"type":"if","locations":[{"start":{"line":167,"column":11},"end":{"line":167,"column":11}},{"start":{"line":167,"column":11},"end":{"line":167,"column":11}}]},"15":{"line":177,"type":"if","locations":[{"start":{"line":177,"column":10},"end":{"line":177,"column":10}},{"start":{"line":177,"column":10},"end":{"line":177,"column":10}}]},"16":{"line":184,"type":"if","locations":[{"start":{"line":184,"column":8},"end":{"line":184,"column":8}},{"start":{"line":184,"column":8},"end":{"line":184,"column":8}}]}}}}
