{
"C:\\Users\\mr mike\\inverted-index-api\\src\\inverted-index.js":{"path":"C:\\Users\\mr mike\\inverted-index-api\\src\\inverted-index.js","s":{"19":1,"20":1,"22":1,"24":12,"25":12,"26":12,"27":8,"28":8,"29":8,"30":8,"31":3,"32":3,"33":3,"35":1},"f":{"6":1,"7":12,"8":8,"9":3},"l":{"6":1,"10":1,"12":1,"21":12,"22":12,"23":12,"32":8,"33":8,"34":8,"35":8,"44":3,"45":3,"46":3,"50":1},"b":{},"statementMap":{"19":{"start":{"line":6,"column":6},"end":{"line":null,"column":null}},"20":{"start":{"line":10,"column":14},"end":{"line":null,"column":null}},"22":{"start":{"line":12,"column":9},"end":{"line":null,"column":null}},"24":{"start":{"line":21,"column":9},"end":{"line":null,"column":null}},"25":{"start":{"line":22,"column":10},"end":{"line":null,"column":null}},"26":{"start":{"line":23,"column":11},"end":{"line":null,"column":null}},"27":{"start":{"line":32,"column":10},"end":{"line":null,"column":null}},"28":{"start":{"line":33,"column":9},"end":{"line":null,"column":null}},"29":{"start":{"line":34,"column":8},"end":{"line":null,"column":null}},"30":{"start":{"line":35,"column":11},"end":{"line":null,"column":null}},"31":{"start":{"line":44,"column":10},"end":{"line":null,"column":null}},"32":{"start":{"line":45,"column":10},"end":{"line":null,"column":null}},"33":{"start":{"line":46,"column":9},"end":{"line":null,"column":null}},"35":{"start":{"line":50,"column":0},"end":{"line":null,"column":null}}},"fnMap":{"6":{"name":"invertedIndex","line":10,"loc":{"start":{"line":10,"column":14},"end":{"line":10,"column":24}}},"7":{"name":"getJson","line":19,"loc":{"start":{"line":19,"column":12},"end":{"line":19,"column":12}}},"8":{"name":"createIndex","line":30,"loc":{"start":{"line":30,"column":16},"end":{"line":30,"column":16}}},"9":{"name":"searchIndex","line":42,"loc":{"start":{"line":42,"column":14},"end":{"line":42,"column":21}}}},"branchMap":{}}}
