TN:
SF:C:\Users\mr mike\inverted-index-api\src\inverted-index.js
FN:10,invertedIndex
FN:20,__getJson
FN:38,__addUniqueWords
FN:51,createIndex
FN:100,searchIndex
FNF:5
FNH:5
FNDA:4,invertedIndex
FNDA:12,__getJson
FNDA:224,__addUniqueWords
FNDA:8,createIndex
FNDA:4,searchIndex
DA:6,1
DA:10,1
DA:12,4
DA:13,4
DA:22,12
DA:23,12
DA:24,0
DA:26,12
DA:27,0
DA:29,12
DA:39,224
DA:40,112
DA:41,112
DA:43,112
DA:52,8
DA:53,8
DA:54,8
DA:55,8
DA:56,8
DA:57,8
DA:58,8
DA:59,8
DA:64,8
DA:65,112
DA:66,112
DA:67,112
DA:71,8
DA:72,112
DA:73,112
DA:74,112
DA:75,112
DA:76,112
DA:77,224
DA:79,112
DA:83,8
DA:84,112
DA:85,112
DA:86,104
DA:88,8
DA:92,8
DA:93,8
DA:102,4
DA:103,4
DA:104,4
DA:108,1
LF:45
LH:43
BRDA:26,6,0,0
BRDA:26,6,1,12
BRDA:39,7,0,112
BRDA:39,7,1,112
BRDA:85,8,0,104
BRDA:85,8,1,8
BRF:6
BRH:5
end_of_record
