TN:
SF:C:\Users\mr mike\inverted-index-api\src\inverted-index.js
FN:13,invertedIndex
FN:23,getJson
FN:46,addUniqueWords
FN:60,createIndexObj
FN:81,wordsFileDoc
FN:97,uniqueWordsPerDoc
FN:117,createIndex
FN:155,searchIndex
FNF:8
FNH:8
FNDA:7,invertedIndex
FNDA:35,getJson
FNDA:5863,addUniqueWords
FNDA:178,createIndexObj
FNDA:178,wordsFileDoc
FNDA:178,uniqueWordsPerDoc
FNDA:15,createIndex
FNDA:10,searchIndex
DA:1,1
DA:8,1
DA:13,1
DA:15,7
DA:16,7
DA:24,35
DA:25,29
DA:27,6
DA:29,35
DA:30,37
DA:31,37
DA:32,34
DA:34,3
DA:37,32
DA:47,5863
DA:48,5350
DA:49,5350
DA:51,513
DA:61,178
DA:62,178
DA:63,356
DA:64,5342
DA:65,1530
DA:67,3812
DA:71,178
DA:82,178
DA:83,178
DA:84,178
DA:85,356
DA:86,356
DA:87,356
DA:89,178
DA:98,178
DA:99,178
DA:100,178
DA:101,356
DA:102,5852
DA:103,5852
DA:105,356
DA:106,356
DA:108,356
DA:110,178
DA:118,15
DA:119,15
DA:120,15
DA:121,15
DA:122,15
DA:123,15
DA:125,15
DA:126,178
DA:130,178
DA:131,356
DA:132,356
DA:136,178
DA:137,178
DA:139,178
DA:140,178
DA:141,178
DA:142,178
DA:144,15
DA:145,15
DA:146,16
DA:148,15
DA:156,10
DA:157,10
DA:158,10
DA:159,10
DA:160,10
DA:161,10
DA:162,10
DA:163,1
DA:165,9
DA:166,1
DA:167,8
DA:168,8
DA:170,0
DA:173,10
DA:175,15
DA:177,15
DA:178,11
DA:179,11
DA:184,10
DA:185,2
DA:188,8
DA:190,8
DA:192,8
DA:193,11
DA:194,11
DA:196,8
DA:197,8
LF:90
LH:89
BRDA:24,8,0,29
BRDA:24,8,1,6
BRDA:47,9,0,5350
BRDA:47,9,1,513
BRDA:64,10,0,1530
BRDA:64,10,1,3812
BRDA:105,11,0,356
BRDA:105,11,1,0
BRDA:162,12,0,1
BRDA:162,12,1,9
BRDA:165,13,0,1
BRDA:165,13,1,8
BRDA:167,14,0,8
BRDA:167,14,1,0
BRDA:177,15,0,11
BRDA:177,15,1,4
BRDA:184,16,0,2
BRDA:184,16,1,8
BRF:18
BRH:16
end_of_record
